##########################################################################################################
Promote start: 11/25/2019 3:00:35 AM at server AFIPRDALWA for account .  SiteManager 6.0 - MOVEFORM265493.
##########################################################################################################
Technical Contact is Pradeep Ravipalli at phone number +91 7893119222
##########################################################################################################
##########################################################################################################
##########################################################################################################
Backed Up Prior Version of
    E:\CSC\prdAgencyLink12.0\Configuration\Settings.xml
    TO
    E:\CSCCODEMOVES\MOVEFORM265493\MOVEFORM265493.ZIP
Copied File 
    E:\CSCCODEMOVES\MOVEFORM265493\Settings.xml
    TO
    E:\CSC\prdAgencyLink12.0\Configuration\Settings.xml
 Copied Settings.xml to E:\CSC\prdAgencyLink12.0\Configuration
##########################################################################################################
##########################################################################################################
##########################################################################################################
Promote Process Succeeded: 11/25/2019 3:00:35 AM
